<?xml version="1.0" encoding="UTF-8"?>
<testng-results ignored="0" total="1" passed="1" failed="0" skipped="0">
  <reporter-output>
  </reporter-output>
  <suite started-at="2021-09-09T00:22:44 IST" name="Apoorva_Mv1" finished-at="2021-09-09T00:23:12 IST" duration-ms="28074">
    <groups>
    </groups>
    <test started-at="2021-09-09T00:22:44 IST" name="Portal test" finished-at="2021-09-09T00:23:12 IST" duration-ms="28074">
      <class name="com.Bluemark.TestCases.TC_Login_001">
        <test-method is-config="true" signature="setup(java.lang.String)[pri:0, instance:com.Bluemark.TestCases.TC_Login_001@6bf0219d]" started-at="2021-09-09T00:22:44 IST" name="setup" finished-at="2021-09-09T00:22:56 IST" duration-ms="11951" status="PASS">
          <params>
            <param index="0">
              <value>
                <![CDATA[firefox]]>
              </value>
            </param>
          </params>
          <reporter-output>
          </reporter-output>
        </test-method> <!-- setup -->
        <test-method signature="loginTest()[pri:0, instance:com.Bluemark.TestCases.TC_Login_001@6bf0219d]" started-at="2021-09-09T00:22:56 IST" name="loginTest" finished-at="2021-09-09T00:23:10 IST" duration-ms="13368" status="PASS">
          <reporter-output>
          </reporter-output>
        </test-method> <!-- loginTest -->
        <test-method is-config="true" signature="End()[pri:0, instance:com.Bluemark.TestCases.TC_Login_001@6bf0219d]" started-at="2021-09-09T00:23:10 IST" name="End" finished-at="2021-09-09T00:23:12 IST" duration-ms="2687" status="PASS">
          <reporter-output>
          </reporter-output>
        </test-method> <!-- End -->
      </class> <!-- com.Bluemark.TestCases.TC_Login_001 -->
    </test> <!-- Portal test -->
  </suite> <!-- Apoorva_Mv1 -->
</testng-results>
